Arguments: 
  /usr/local/bin/node /usr/local/bin/yarn

PATH: 
  /usr/local/bin:/usr/bin:/bin:/usr/sbin:/sbin

Yarn version: 
  1.3.2

Node version: 
  8.9.4

Platform: 
  darwin x64

npm manifest: 
  {
    "name": "reactWeatherapp",
    "version": "1.0.0",
    "description": "Simple react app",
    "main": "index.js",
    "scripts": {
      "test": "echo \"Error: no test specified\" && exit 1",
      "build:watch": "concurrently \"yarn start\" \"webpack -w\"",
      "start": "node server.js"
    },
    "author": "Rekha",
    "license": "MIT",
    "dependencies": {
      "axios": "^0.16.2",
      "express": "^4.13.4",
      "react": "^15.4.2",
      "react-dom": "^15.4.2",
      "react-router": "^2.0.0",
      "react-router-dom": "^4.0.0",
      "styled-components": "^2.1.2"
    },
    "devDependencies": {
      "babel-core": "^6.5.1",
      "babel-loader": "^6.2.2",
      "babel-preset-es2015": "^6.5.0",
      "babel-preset-react": "^6.5.0",
      "babel-preset-stage-0": "^6.5.0",
      "css-loader": "^0.23.1",
      "eslint": "^4.18.1",
      "eslint-plugin-react": "^7.7.0",
      "foundation-sites": "^6.2.0",
      "jquery": "^2.2.1",
      "script-loader": "^0.6.1",
      "style-loader": "^0.13.0",
      "webpack": "^1.12.13"
    }
  }

yarn manifest: 
  No manifest

Lockfile: 
  No lockfile

Trace: 
  Error: ENOTDIR: not a directory, unlink '/Users/Rekha/Desktop/projects/reactprojects/react-weather-app/node_modules/what-input/gulpfile.js/index.js'
